# Logfile created on Tue Feb 13 14:11:04 -0500 2007 by logger.rb/1.5.2.9
  [4;36;1mSQL (0.000308)[0m   [0;1mSET SQL_AUTO_IS_NULL=0[0m
  [4;35;1mSQL (0.000000)[0m   [0mMysql::Error: Table 'schema_info' already exists: CREATE TABLE schema_info (version int(11))[0m
  [4;36;1mSQL (0.020897)[0m   [0;1mSELECT version FROM schema_info[0m
  [4;35;1mSQL (0.000344)[0m   [0mSELECT version FROM schema_info[0m
  [4;36;1mSQL (0.000000)[0m   [0;1mMysql::Error: Table 'schema_info' already exists: CREATE TABLE schema_info (version int(11))[0m
  [4;35;1mSQL (0.000536)[0m   [0mSELECT version FROM schema_info[0m
Migrating to CreateSsAdmins (3)
  [4;36;1mSQL (0.121620)[0m   [0;1mDROP TABLE ss_admins[0m
  [4;35;1mSQL (0.000616)[0m   [0mUPDATE schema_info SET version = 2[0m
  [4;36;1mSQL (0.000319)[0m   [0;1mSELECT version FROM schema_info[0m
Migrating to CreateDoctors (2)
  [4;35;1mSQL (0.009335)[0m   [0mDROP TABLE doctors[0m
  [4;36;1mSQL (0.000396)[0m   [0;1mUPDATE schema_info SET version = 1[0m
Reached target version: 1
  [4;35;1mSQL (0.101510)[0m   [0mSELECT * FROM schema_info[0m
  [4;36;1mSQL (0.000648)[0m   [0;1mSHOW TABLES[0m
  [4;35;1mSQL (0.004735)[0m   [0mSHOW FIELDS FROM users[0m
  [4;36;1mSQL (0.000797)[0m   [0;1mSHOW KEYS FROM users[0m
  [4;36;1mSQL (0.000326)[0m   [0;1mSET SQL_AUTO_IS_NULL=0[0m
  [4;35;1mSQL (0.000000)[0m   [0mMysql::Error: Table 'schema_info' already exists: CREATE TABLE schema_info (version int(11))[0m
  [4;36;1mSQL (0.000420)[0m   [0;1mSELECT version FROM schema_info[0m
  [4;35;1mSQL (0.000257)[0m   [0mSELECT version FROM schema_info[0m
  [4;36;1mSQL (0.000331)[0m   [0;1mSELECT version FROM schema_info[0m
  [4;35;1mSQL (0.000313)[0m   [0mSELECT * FROM schema_info[0m
  [4;36;1mSQL (0.000489)[0m   [0;1mSHOW TABLES[0m
  [4;35;1mSQL (0.002406)[0m   [0mSHOW FIELDS FROM users[0m
  [4;36;1mSQL (0.000790)[0m   [0;1mSHOW KEYS FROM users[0m


Processing ApplicationController#index (for 127.0.0.1 at 2007-02-13 14:13:52) [GET]
  Session ID: fd9d86f56fc4fc13d55f95f154a7fc89
  Parameters: {}


ActionController::RoutingError (no route found to match "/" with {:method=>:get}):
    .//vendor/rails/actionpack/lib/action_controller/routing.rb:1299:in `recognize_path'
    .//vendor/rails/actionpack/lib/action_controller/routing.rb:1289:in `recognize'
    .//vendor/rails/railties/lib/dispatcher.rb:38:in `dispatch'
    /usr/lib/ruby/gems/1.8/gems/mongrel-1.0.1/lib/mongrel/rails.rb:78:in `process'
    /usr/lib/ruby/gems/1.8/gems/mongrel-1.0.1/lib/mongrel/rails.rb:76:in `synchronize'
    /usr/lib/ruby/gems/1.8/gems/mongrel-1.0.1/lib/mongrel/rails.rb:76:in `process'
    /usr/lib/ruby/gems/1.8/gems/mongrel-1.0.1/lib/mongrel.rb:618:in `process_client'
    /usr/lib/ruby/gems/1.8/gems/mongrel-1.0.1/lib/mongrel.rb:617:in `each'
    /usr/lib/ruby/gems/1.8/gems/mongrel-1.0.1/lib/mongrel.rb:617:in `process_client'
    /usr/lib/ruby/gems/1.8/gems/mongrel-1.0.1/lib/mongrel.rb:736:in `run'
    /usr/lib/ruby/gems/1.8/gems/mongrel-1.0.1/lib/mongrel.rb:736:in `initialize'
    /usr/lib/ruby/gems/1.8/gems/mongrel-1.0.1/lib/mongrel.rb:736:in `new'
    /usr/lib/ruby/gems/1.8/gems/mongrel-1.0.1/lib/mongrel.rb:736:in `run'
    /usr/lib/ruby/gems/1.8/gems/mongrel-1.0.1/lib/mongrel.rb:720:in `initialize'
    /usr/lib/ruby/gems/1.8/gems/mongrel-1.0.1/lib/mongrel.rb:720:in `new'
    /usr/lib/ruby/gems/1.8/gems/mongrel-1.0.1/lib/mongrel.rb:720:in `run'
    /usr/lib/ruby/gems/1.8/gems/mongrel-1.0.1/lib/mongrel/configurator.rb:271:in `run'
    /usr/lib/ruby/gems/1.8/gems/mongrel-1.0.1/lib/mongrel/configurator.rb:270:in `each'
    /usr/lib/ruby/gems/1.8/gems/mongrel-1.0.1/lib/mongrel/configurator.rb:270:in `run'
    /usr/lib/ruby/gems/1.8/gems/mongrel-1.0.1/bin/mongrel_rails:127:in `run'
    /usr/lib/ruby/gems/1.8/gems/mongrel-1.0.1/lib/mongrel/command.rb:211:in `run'
    /usr/lib/ruby/gems/1.8/gems/mongrel-1.0.1/bin/mongrel_rails:243
    .//vendor/rails/activesupport/lib/active_support/dependencies.rb:488:in `load'
    .//vendor/rails/activesupport/lib/active_support/dependencies.rb:488:in `load'
    .//vendor/rails/activesupport/lib/active_support/dependencies.rb:342:in `new_constants_in'
    .//vendor/rails/activesupport/lib/active_support/dependencies.rb:488:in `load'
    .//vendor/rails/railties/lib/commands/servers/mongrel.rb:60
    /usr/lib/ruby/site_ruby/1.8/rubygems/custom_require.rb:21:in `require__'
    /usr/lib/ruby/site_ruby/1.8/rubygems/custom_require.rb:21:in `require'
    .//vendor/rails/activesupport/lib/active_support/dependencies.rb:495:in `require'
    .//vendor/rails/activesupport/lib/active_support/dependencies.rb:342:in `new_constants_in'
    .//vendor/rails/activesupport/lib/active_support/dependencies.rb:495:in `require'
    .//vendor/rails/railties/lib/commands/server.rb:39
    ./script/server:3:in `require'
    ./script/server:3


Rendering ./script/../config/../vendor/rails/actionpack/lib/action_controller/templates/rescues/layout.rhtml (not_found)


Processing SessionsController#login (for 127.0.0.1 at 2007-02-13 14:15:27) [GET]
  Session ID: fd9d86f56fc4fc13d55f95f154a7fc89
  Parameters: {"action"=>"login", "controller"=>"sessions", "doctor"=>"doc1"}


ActionController::UnknownAction (No action responded to login):
    .//vendor/rails/actionpack/lib/action_controller/filters.rb:632:in `call_filter'
    .//vendor/rails/actionpack/lib/action_controller/filters.rb:638:in `call_filter'
    .//vendor/rails/actionpack/lib/action_controller/filters.rb:438:in `call'
    .//vendor/rails/actionpack/lib/action_controller/filters.rb:637:in `call_filter'
    .//vendor/rails/actionpack/lib/action_controller/filters.rb:619:in `perform_action_without_benchmark'
    .//vendor/rails/actionpack/lib/action_controller/benchmarking.rb:66:in `perform_action_without_rescue'
    /usr/lib/ruby/1.8/benchmark.rb:293:in `measure'
    .//vendor/rails/actionpack/lib/action_controller/benchmarking.rb:66:in `perform_action_without_rescue'
    .//vendor/rails/actionpack/lib/action_controller/rescue.rb:125:in `perform_action'
    .//vendor/rails/actionpack/lib/action_controller/base.rb:473:in `send'
    .//vendor/rails/actionpack/lib/action_controller/base.rb:473:in `process_without_filters'
    .//vendor/rails/actionpack/lib/action_controller/filters.rb:624:in `process_without_session_management_support'
    .//vendor/rails/actionpack/lib/action_controller/session_management.rb:114:in `process'
    .//vendor/rails/actionpack/lib/action_controller/base.rb:326:in `process'
    .//vendor/rails/railties/lib/dispatcher.rb:39:in `dispatch'
    /usr/lib/ruby/gems/1.8/gems/mongrel-1.0.1/lib/mongrel/rails.rb:78:in `process'
    /usr/lib/ruby/gems/1.8/gems/mongrel-1.0.1/lib/mongrel/rails.rb:76:in `synchronize'
    /usr/lib/ruby/gems/1.8/gems/mongrel-1.0.1/lib/mongrel/rails.rb:76:in `process'
    /usr/lib/ruby/gems/1.8/gems/mongrel-1.0.1/lib/mongrel.rb:618:in `process_client'
    /usr/lib/ruby/gems/1.8/gems/mongrel-1.0.1/lib/mongrel.rb:617:in `each'
    /usr/lib/ruby/gems/1.8/gems/mongrel-1.0.1/lib/mongrel.rb:617:in `process_client'
    /usr/lib/ruby/gems/1.8/gems/mongrel-1.0.1/lib/mongrel.rb:736:in `run'
    /usr/lib/ruby/gems/1.8/gems/mongrel-1.0.1/lib/mongrel.rb:736:in `initialize'
    /usr/lib/ruby/gems/1.8/gems/mongrel-1.0.1/lib/mongrel.rb:736:in `new'
    /usr/lib/ruby/gems/1.8/gems/mongrel-1.0.1/lib/mongrel.rb:736:in `run'
    /usr/lib/ruby/gems/1.8/gems/mongrel-1.0.1/lib/mongrel.rb:720:in `initialize'
    /usr/lib/ruby/gems/1.8/gems/mongrel-1.0.1/lib/mongrel.rb:720:in `new'
    /usr/lib/ruby/gems/1.8/gems/mongrel-1.0.1/lib/mongrel.rb:720:in `run'
    /usr/lib/ruby/gems/1.8/gems/mongrel-1.0.1/lib/mongrel/configurator.rb:271:in `run'
    /usr/lib/ruby/gems/1.8/gems/mongrel-1.0.1/lib/mongrel/configurator.rb:270:in `each'
    /usr/lib/ruby/gems/1.8/gems/mongrel-1.0.1/lib/mongrel/configurator.rb:270:in `run'
    /usr/lib/ruby/gems/1.8/gems/mongrel-1.0.1/bin/mongrel_rails:127:in `run'
    /usr/lib/ruby/gems/1.8/gems/mongrel-1.0.1/lib/mongrel/command.rb:211:in `run'
    /usr/lib/ruby/gems/1.8/gems/mongrel-1.0.1/bin/mongrel_rails:243
    .//vendor/rails/activesupport/lib/active_support/dependencies.rb:488:in `load'
    .//vendor/rails/activesupport/lib/active_support/dependencies.rb:488:in `load'
    .//vendor/rails/activesupport/lib/active_support/dependencies.rb:342:in `new_constants_in'
    .//vendor/rails/activesupport/lib/active_support/dependencies.rb:488:in `load'
    .//vendor/rails/railties/lib/commands/servers/mongrel.rb:60
    /usr/lib/ruby/site_ruby/1.8/rubygems/custom_require.rb:21:in `require__'
    /usr/lib/ruby/site_ruby/1.8/rubygems/custom_require.rb:21:in `require'
    .//vendor/rails/activesupport/lib/active_support/dependencies.rb:495:in `require'
    .//vendor/rails/activesupport/lib/active_support/dependencies.rb:342:in `new_constants_in'
    .//vendor/rails/activesupport/lib/active_support/dependencies.rb:495:in `require'
    .//vendor/rails/railties/lib/commands/server.rb:39
    ./script/server:3:in `require'
    ./script/server:3


Rendering ./script/../config/../vendor/rails/actionpack/lib/action_controller/templates/rescues/layout.rhtml (not_found)


Processing SessionsController#new (for 127.0.0.1 at 2007-02-13 14:15:37) [GET]
  Session ID: fd9d86f56fc4fc13d55f95f154a7fc89
  Parameters: {"action"=>"new", "controller"=>"sessions", "doctor"=>"doc1"}
Rendering sessions/new
Completed in 0.01001 (99 reqs/sec) | Rendering: 0.00765 (76%) | 200 OK [http://fedora.yanno.org/doc1/login]
  [4;36;1mSQL (0.000312)[0m   [0;1mSET SQL_AUTO_IS_NULL=0[0m
  [4;35;1mSQL (0.000000)[0m   [0mMysql::Error: Table 'schema_info' already exists: CREATE TABLE schema_info (version int(11))[0m
  [4;36;1mSQL (0.000000)[0m   [0;1mMysql::Error: Table 'schema_info' already exists: CREATE TABLE schema_info (version int(11))[0m
  [4;35;1mSQL (0.000629)[0m   [0mSELECT version FROM schema_info[0m
  [4;36;1mSQL (0.000467)[0m   [0;1mSELECT version FROM schema_info[0m
Migrating to CreateDoctors (2)
  [4;35;1mSQL (0.000000)[0m   [0mMysql::Error: You have an error in your SQL syntax; check the manual that corresponds to your MySQL server version for the right syntax to use near '(11), `url_name` varchar(25) DEFAULT NULL, `key_diff` blob DEFAULT NULL, `create' at line 1: CREATE TABLE doctors (`id` int(11) DEFAULT NULL auto_increment PRIMARY KEY(11), `url_name` varchar(25) DEFAULT NULL, `key_diff` blob DEFAULT NULL, `created_at` datetime DEFAULT NULL, `business_name` varchar(50) DEFAULT NULL, `address` varchar(255) DEFAULT NULL, `contact_person` varchar(25) DEFAULT NULL, `telephone` varchar(20) DEFAULT NULL) ENGINE=InnoDB[0m


Processing DoctorsController#index (for 127.0.0.1 at 2007-02-13 14:24:42) [GET]
  Session ID: fd9d86f56fc4fc13d55f95f154a7fc89
  Parameters: {"action"=>"index", "controller"=>"doctors"}
  [4;36;1mSQL (0.000333)[0m   [0;1mSET SQL_AUTO_IS_NULL=0[0m
  [4;35;1mDoctor Load (0.000614)[0m   [0mSELECT * FROM doctors [0m
Rendering layoutfalsecontent_typetext/htmlactionindex within layouts/doctors
Rendering doctors/index
Completed in 0.10162 (9 reqs/sec) | Rendering: 0.01063 (10%) | DB: 0.00095 (0%) | 200 OK [http://fedora.yanno.org/doctors]


Processing SessionsController#new (for 127.0.0.1 at 2007-02-13 14:24:47) [GET]
  Session ID: fd9d86f56fc4fc13d55f95f154a7fc89
  Parameters: {"action"=>"new", "controller"=>"sessions", "doctor"=>"doc1"}
Rendering sessions/new
Completed in 0.01441 (69 reqs/sec) | Rendering: 0.00905 (62%) | DB: 0.00000 (0%) | 200 OK [http://fedora.yanno.org/doc1/login]


Processing SessionsController#new (for 127.0.0.1 at 2007-02-13 14:25:30) [GET]
  Session ID: fd9d86f56fc4fc13d55f95f154a7fc89
  Parameters: {"action"=>"new", "controller"=>"sessions", "doctor"=>"doc1"}
Rendering sessions/new
Completed in 0.00906 (110 reqs/sec) | Rendering: 0.00687 (75%) | DB: 0.00000 (0%) | 200 OK [http://fedora.yanno.org/doc1/login]


Processing SessionsController#new (for 127.0.0.1 at 2007-02-13 14:25:43) [GET]
  Session ID: fd9d86f56fc4fc13d55f95f154a7fc89
  Parameters: {"action"=>"new", "controller"=>"sessions", "doctor"=>"doc1"}
Rendering sessions/new
Completed in 0.01451 (68 reqs/sec) | Rendering: 0.00770 (53%) | DB: 0.00000 (0%) | 200 OK [http://fedora.yanno.org/doc1/login]


Processing SessionsController#new (for 127.0.0.1 at 2007-02-13 14:26:08) [GET]
  Session ID: fd9d86f56fc4fc13d55f95f154a7fc89
  Parameters: {"action"=>"new", "controller"=>"sessions", "doctor"=>"doc1"}
Rendering sessions/new
Completed in 0.01658 (60 reqs/sec) | Rendering: 0.01384 (83%) | DB: 0.00000 (0%) | 200 OK [http://fedora.yanno.org/doc1/login]


Processing SessionsController#create (for 127.0.0.1 at 2007-02-13 14:28:02) [GET]
  Session ID: fd9d86f56fc4fc13d55f95f154a7fc89
  Parameters: {"action"=>"create", "controller"=>"sessions", "doctor"=>"doc1"}
  [4;36;1mUser Load (0.000000)[0m   [0;1mMysql::Error: Unknown column 'login' in 'where clause': SELECT * FROM users WHERE (login = NULL and activated_at IS NOT NULL) LIMIT 1[0m


ActiveRecord::StatementInvalid (Mysql::Error: Unknown column 'login' in 'where clause': SELECT * FROM users WHERE (login = NULL and activated_at IS NOT NULL)  LIMIT 1):
    .//vendor/rails/activerecord/lib/active_record/connection_adapters/abstract_adapter.rb:128:in `log'
    .//vendor/rails/activerecord/lib/active_record/connection_adapters/mysql_adapter.rb:249:in `execute'
    .//vendor/rails/activerecord/lib/active_record/connection_adapters/mysql_adapter.rb:405:in `select'
    .//vendor/rails/activerecord/lib/active_record/connection_adapters/abstract/database_statements.rb:7:in `select_all'
    .//vendor/rails/activerecord/lib/active_record/base.rb:427:in `find_by_sql'
    .//vendor/rails/activerecord/lib/active_record/base.rb:1020:in `find_every'
    .//vendor/rails/activerecord/lib/active_record/base.rb:1014:in `find_initial'
    .//vendor/rails/activerecord/lib/active_record/base.rb:417:in `find'
    .//app/models/user.rb:34:in `authenticate'
    .//app/controllers/sessions_controller.rb:9:in `create'
    .//vendor/rails/actionpack/lib/action_controller/base.rb:1138:in `send'
    .//vendor/rails/actionpack/lib/action_controller/base.rb:1138:in `perform_action_without_filters'
    .//vendor/rails/actionpack/lib/action_controller/filters.rb:632:in `call_filter'
    .//vendor/rails/actionpack/lib/action_controller/filters.rb:619:in `perform_action_without_benchmark'
    .//vendor/rails/actionpack/lib/action_controller/benchmarking.rb:66:in `perform_action_without_rescue'
    /usr/lib/ruby/1.8/benchmark.rb:293:in `measure'
    .//vendor/rails/actionpack/lib/action_controller/benchmarking.rb:66:in `perform_action_without_rescue'
    .//vendor/rails/actionpack/lib/action_controller/rescue.rb:125:in `perform_action'
    .//vendor/rails/actionpack/lib/action_controller/base.rb:473:in `send'
    .//vendor/rails/actionpack/lib/action_controller/base.rb:473:in `process_without_filters'
    .//vendor/rails/actionpack/lib/action_controller/filters.rb:624:in `process_without_session_management_support'
    .//vendor/rails/actionpack/lib/action_controller/session_management.rb:114:in `process'
    .//vendor/rails/actionpack/lib/action_controller/base.rb:326:in `process'
    .//vendor/rails/railties/lib/dispatcher.rb:39:in `dispatch'
    /usr/lib/ruby/gems/1.8/gems/mongrel-1.0.1/lib/mongrel/rails.rb:78:in `process'
    /usr/lib/ruby/gems/1.8/gems/mongrel-1.0.1/lib/mongrel/rails.rb:76:in `synchronize'
    /usr/lib/ruby/gems/1.8/gems/mongrel-1.0.1/lib/mongrel/rails.rb:76:in `process'
    /usr/lib/ruby/gems/1.8/gems/mongrel-1.0.1/lib/mongrel.rb:618:in `process_client'
    /usr/lib/ruby/gems/1.8/gems/mongrel-1.0.1/lib/mongrel.rb:617:in `each'
    /usr/lib/ruby/gems/1.8/gems/mongrel-1.0.1/lib/mongrel.rb:617:in `process_client'
    /usr/lib/ruby/gems/1.8/gems/mongrel-1.0.1/lib/mongrel.rb:736:in `run'
    /usr/lib/ruby/gems/1.8/gems/mongrel-1.0.1/lib/mongrel.rb:736:in `initialize'
    /usr/lib/ruby/gems/1.8/gems/mongrel-1.0.1/lib/mongrel.rb:736:in `new'
    /usr/lib/ruby/gems/1.8/gems/mongrel-1.0.1/lib/mongrel.rb:736:in `run'
    /usr/lib/ruby/gems/1.8/gems/mongrel-1.0.1/lib/mongrel.rb:720:in `initialize'
    /usr/lib/ruby/gems/1.8/gems/mongrel-1.0.1/lib/mongrel.rb:720:in `new'
    /usr/lib/ruby/gems/1.8/gems/mongrel-1.0.1/lib/mongrel.rb:720:in `run'
    /usr/lib/ruby/gems/1.8/gems/mongrel-1.0.1/lib/mongrel/configurator.rb:271:in `run'
    /usr/lib/ruby/gems/1.8/gems/mongrel-1.0.1/lib/mongrel/configurator.rb:270:in `each'
    /usr/lib/ruby/gems/1.8/gems/mongrel-1.0.1/lib/mongrel/configurator.rb:270:in `run'
    /usr/lib/ruby/gems/1.8/gems/mongrel-1.0.1/bin/mongrel_rails:127:in `run'
    /usr/lib/ruby/gems/1.8/gems/mongrel-1.0.1/lib/mongrel/command.rb:211:in `run'
    /usr/lib/ruby/gems/1.8/gems/mongrel-1.0.1/bin/mongrel_rails:243
    .//vendor/rails/activesupport/lib/active_support/dependencies.rb:488:in `load'
    .//vendor/rails/activesupport/lib/active_support/dependencies.rb:488:in `load'
    .//vendor/rails/activesupport/lib/active_support/dependencies.rb:342:in `new_constants_in'
    .//vendor/rails/activesupport/lib/active_support/dependencies.rb:488:in `load'
    .//vendor/rails/railties/lib/commands/servers/mongrel.rb:60
    /usr/lib/ruby/site_ruby/1.8/rubygems/custom_require.rb:21:in `require__'
    /usr/lib/ruby/site_ruby/1.8/rubygems/custom_require.rb:21:in `require'
    .//vendor/rails/activesupport/lib/active_support/dependencies.rb:495:in `require'
    .//vendor/rails/activesupport/lib/active_support/dependencies.rb:342:in `new_constants_in'
    .//vendor/rails/activesupport/lib/active_support/dependencies.rb:495:in `require'
    .//vendor/rails/railties/lib/commands/server.rb:39
    ./script/server:3:in `require'
    ./script/server:3


Rendering ./script/../config/../vendor/rails/actionpack/lib/action_controller/templates/rescues/layout.rhtml (internal_server_error)


Processing SessionsController#create (for 127.0.0.1 at 2007-02-13 14:29:53) [GET]
  Session ID: fd9d86f56fc4fc13d55f95f154a7fc89
  Parameters: {"action"=>"create", "controller"=>"sessions", "doctor"=>"doc1"}
  [4;35;1mUser Load (0.066791)[0m   [0mSELECT * FROM users WHERE (username = NULL and activated_at IS NOT NULL) LIMIT 1[0m
Rendering sessions/new
Completed in 0.09712 (10 reqs/sec) | Rendering: 0.00472 (4%) | DB: 0.06679 (68%) | 200 OK [http://fedora.yanno.org/doc1/login]


Processing DoctorsController#index (for 127.0.0.1 at 2007-02-13 14:30:42) [GET]
  Session ID: fd9d86f56fc4fc13d55f95f154a7fc89
  Parameters: {"action"=>"index", "controller"=>"doctors"}
  [4;36;1mDoctor Load (0.004752)[0m   [0;1mSELECT * FROM doctors [0m
Rendering layoutfalsecontent_typetext/htmlactionindex within layouts/doctors
Rendering doctors/index
Completed in 0.03688 (27 reqs/sec) | Rendering: 0.00428 (11%) | DB: 0.00475 (12%) | 200 OK [http://fedora.yanno.org/doctors]


Processing SessionsController#create (for 127.0.0.1 at 2007-02-13 14:30:44) [GET]
  Session ID: fd9d86f56fc4fc13d55f95f154a7fc89
  Parameters: {"action"=>"create", "controller"=>"sessions", "doctor"=>"doc1"}
  [4;35;1mUser Load (0.000807)[0m   [0mSELECT * FROM users WHERE (username = NULL and activated_at IS NOT NULL) LIMIT 1[0m
Rendering sessions/new
Completed in 0.06026 (16 reqs/sec) | Rendering: 0.00480 (7%) | DB: 0.00081 (1%) | 200 OK [http://fedora.yanno.org/doc1/login]


Processing SessionsController#create (for 127.0.0.1 at 2007-02-13 14:30:54) [GET]
  Session ID: fd9d86f56fc4fc13d55f95f154a7fc89
  Parameters: {"action"=>"create", "controller"=>"sessions", "doctor"=>"SSAdmin"}
  [4;36;1mUser Load (0.000774)[0m   [0;1mSELECT * FROM users WHERE (username = NULL and activated_at IS NOT NULL) LIMIT 1[0m
Rendering sessions/new
Completed in 0.02720 (36 reqs/sec) | Rendering: 0.00462 (16%) | DB: 0.00077 (2%) | 200 OK [http://fedora.yanno.org/login]


Processing ApplicationController#index (for 127.0.0.1 at 2007-02-13 14:31:07) [GET]
  Session ID: fd9d86f56fc4fc13d55f95f154a7fc89
  Parameters: {}


ActionController::RoutingError (no route found to match "/" with {:method=>:get}):
    .//vendor/rails/actionpack/lib/action_controller/routing.rb:1299:in `recognize_path'
    .//vendor/rails/actionpack/lib/action_controller/routing.rb:1289:in `recognize'
    .//vendor/rails/railties/lib/dispatcher.rb:38:in `dispatch'
    /usr/lib/ruby/gems/1.8/gems/mongrel-1.0.1/lib/mongrel/rails.rb:78:in `process'
    /usr/lib/ruby/gems/1.8/gems/mongrel-1.0.1/lib/mongrel/rails.rb:76:in `synchronize'
    /usr/lib/ruby/gems/1.8/gems/mongrel-1.0.1/lib/mongrel/rails.rb:76:in `process'
    /usr/lib/ruby/gems/1.8/gems/mongrel-1.0.1/lib/mongrel.rb:618:in `process_client'
    /usr/lib/ruby/gems/1.8/gems/mongrel-1.0.1/lib/mongrel.rb:617:in `each'
    /usr/lib/ruby/gems/1.8/gems/mongrel-1.0.1/lib/mongrel.rb:617:in `process_client'
    /usr/lib/ruby/gems/1.8/gems/mongrel-1.0.1/lib/mongrel.rb:736:in `run'
    /usr/lib/ruby/gems/1.8/gems/mongrel-1.0.1/lib/mongrel.rb:736:in `initialize'
    /usr/lib/ruby/gems/1.8/gems/mongrel-1.0.1/lib/mongrel.rb:736:in `new'
    /usr/lib/ruby/gems/1.8/gems/mongrel-1.0.1/lib/mongrel.rb:736:in `run'
    /usr/lib/ruby/gems/1.8/gems/mongrel-1.0.1/lib/mongrel.rb:720:in `initialize'
    /usr/lib/ruby/gems/1.8/gems/mongrel-1.0.1/lib/mongrel.rb:720:in `new'
    /usr/lib/ruby/gems/1.8/gems/mongrel-1.0.1/lib/mongrel.rb:720:in `run'
    /usr/lib/ruby/gems/1.8/gems/mongrel-1.0.1/lib/mongrel/configurator.rb:271:in `run'
    /usr/lib/ruby/gems/1.8/gems/mongrel-1.0.1/lib/mongrel/configurator.rb:270:in `each'
    /usr/lib/ruby/gems/1.8/gems/mongrel-1.0.1/lib/mongrel/configurator.rb:270:in `run'
    /usr/lib/ruby/gems/1.8/gems/mongrel-1.0.1/bin/mongrel_rails:127:in `run'
    /usr/lib/ruby/gems/1.8/gems/mongrel-1.0.1/lib/mongrel/command.rb:211:in `run'
    /usr/lib/ruby/gems/1.8/gems/mongrel-1.0.1/bin/mongrel_rails:243
    .//vendor/rails/activesupport/lib/active_support/dependencies.rb:488:in `load'
    .//vendor/rails/activesupport/lib/active_support/dependencies.rb:488:in `load'
    .//vendor/rails/activesupport/lib/active_support/dependencies.rb:342:in `new_constants_in'
    .//vendor/rails/activesupport/lib/active_support/dependencies.rb:488:in `load'
    .//vendor/rails/railties/lib/commands/servers/mongrel.rb:60
    /usr/lib/ruby/site_ruby/1.8/rubygems/custom_require.rb:21:in `require__'
    /usr/lib/ruby/site_ruby/1.8/rubygems/custom_require.rb:21:in `require'
    .//vendor/rails/activesupport/lib/active_support/dependencies.rb:495:in `require'
    .//vendor/rails/activesupport/lib/active_support/dependencies.rb:342:in `new_constants_in'
    .//vendor/rails/activesupport/lib/active_support/dependencies.rb:495:in `require'
    .//vendor/rails/railties/lib/commands/server.rb:39
    ./script/server:3:in `require'
    ./script/server:3


Rendering ./script/../config/../vendor/rails/actionpack/lib/action_controller/templates/rescues/layout.rhtml (not_found)
  [4;36;1mSQL (0.000273)[0m   [0;1mSET SQL_AUTO_IS_NULL=0[0m
  [4;35;1mSQL (0.000000)[0m   [0mMysql::Error: Table 'schema_info' already exists: CREATE TABLE schema_info (version int(11))[0m
  [4;36;1mSQL (0.000000)[0m   [0;1mMysql::Error: Table 'schema_info' already exists: CREATE TABLE schema_info (version int(11))[0m
  [4;36;1mSQL (0.000282)[0m   [0;1mSET SQL_AUTO_IS_NULL=0[0m
  [4;35;1mSQL (0.000000)[0m   [0mMysql::Error: Table 'schema_info' already exists: CREATE TABLE schema_info (version int(11))[0m
  [4;36;1mSQL (0.000392)[0m   [0;1mSELECT version FROM schema_info[0m
  [4;35;1mSQL (0.000224)[0m   [0mSELECT version FROM schema_info[0m
  [4;36;1mSQL (0.000000)[0m   [0;1mMysql::Error: Table 'schema_info' already exists: CREATE TABLE schema_info (version int(11))[0m
  [4;35;1mSQL (0.000455)[0m   [0mSELECT version FROM schema_info[0m
  [4;36;1mSQL (0.002241)[0m   [0;1mSELECT version FROM schema_info[0m
Migrating to CreateDoctors (2)
  [4;35;1mSQL (0.037640)[0m   [0mDROP TABLE doctors[0m
  [4;36;1mSQL (0.000388)[0m   [0;1mUPDATE schema_info SET version = 1[0m
  [4;35;1mSQL (0.000290)[0m   [0mSELECT version FROM schema_info[0m
Migrating to CreateUsers (1)
  [4;36;1mSQL (0.048061)[0m   [0;1mDROP TABLE users[0m
  [4;35;1mSQL (0.000394)[0m   [0mUPDATE schema_info SET version = 0[0m
  [4;36;1mSQL (0.000430)[0m   [0;1mSELECT * FROM schema_info[0m
  [4;35;1mSQL (0.000455)[0m   [0mSHOW TABLES[0m
  [4;36;1mSQL (0.000270)[0m   [0;1mSET SQL_AUTO_IS_NULL=0[0m
  [4;35;1mSQL (0.000000)[0m   [0mMysql::Error: Table 'schema_info' already exists: CREATE TABLE schema_info (version int(11))[0m
  [4;36;1mSQL (0.000000)[0m   [0;1mMysql::Error: Table 'schema_info' already exists: CREATE TABLE schema_info (version int(11))[0m
  [4;35;1mSQL (0.000580)[0m   [0mSELECT version FROM schema_info[0m
Migrating to CreateUsers (1)
  [4;36;1mSQL (0.000000)[0m   [0;1mMysql::Error: Unknown table 'users': DROP TABLE users[0m
  [4;35;1mSQL (0.102572)[0m   [0mCREATE TABLE users (`id` int(11) DEFAULT NULL auto_increment PRIMARY KEY, `username` varchar(255) DEFAULT NULL, `email` varchar(255) DEFAULT NULL, `crypted_password` varchar(40) DEFAULT NULL, `salt` varchar(40) DEFAULT NULL, `created_at` datetime DEFAULT NULL, `updated_at` datetime DEFAULT NULL, `remember_token` varchar(255) DEFAULT NULL, `remember_token_expires_at` datetime DEFAULT NULL, `activation_code` varchar(40) DEFAULT NULL, `activated_at` datetime DEFAULT NULL) ENGINE=InnoDB[0m
  [4;36;1mSQL (0.000392)[0m   [0;1mUPDATE schema_info SET version = 1[0m
  [4;35;1mSQL (0.000290)[0m   [0mSELECT version FROM schema_info[0m
Migrating to CreateDoctors (2)
  [4;36;1mSQL (0.000000)[0m   [0;1mMysql::Error: You have an error in your SQL syntax; check the manual that corresponds to your MySQL server version for the right syntax to use near '(11), `url_name` varchar(25) DEFAULT NULL, `key_diff` blob DEFAULT NULL, `create' at line 1: CREATE TABLE doctors (`id` int(11) DEFAULT NULL auto_increment PRIMARY KEY(11), `url_name` varchar(25) DEFAULT NULL, `key_diff` blob DEFAULT NULL, `created_at` datetime DEFAULT NULL, `business_name` varchar(50) DEFAULT NULL, `address` varchar(255) DEFAULT NULL, `contact_person` varchar(25) DEFAULT NULL, `telephone` varchar(20) DEFAULT NULL) ENGINE=InnoDB[0m
  [4;36;1mSQL (0.000276)[0m   [0;1mSET SQL_AUTO_IS_NULL=0[0m
  [4;35;1mSQL (0.000000)[0m   [0mMysql::Error: Table 'schema_info' already exists: CREATE TABLE schema_info (version int(11))[0m
  [4;36;1mSQL (0.000000)[0m   [0;1mMysql::Error: Table 'schema_info' already exists: CREATE TABLE schema_info (version int(11))[0m
  [4;35;1mSQL (0.000545)[0m   [0mSELECT version FROM schema_info[0m
  [4;36;1mSQL (0.000228)[0m   [0;1mSELECT version FROM schema_info[0m
  [4;35;1mSQL (0.000232)[0m   [0mSELECT version FROM schema_info[0m
Migrating to CreateAdmins (3)
  [4;36;1mSQL (0.000000)[0m   [0;1mMysql::Error: Unknown table 'admins': DROP TABLE admins[0m
  [4;35;1mSQL (0.005981)[0m   [0mCREATE TABLE admins (`id` int(11) DEFAULT NULL auto_increment PRIMARY KEY, `username` varchar(255) DEFAULT NULL, `email` varchar(255) DEFAULT NULL, `crypted_password` varchar(40) DEFAULT NULL, `salt` varchar(40) DEFAULT NULL, `created_at` datetime DEFAULT NULL, `updated_at` datetime DEFAULT NULL, `remember_token` varchar(255) DEFAULT NULL, `remember_token_expires_at` datetime DEFAULT NULL, `activation_code` varchar(40) DEFAULT NULL, `activated_at` datetime DEFAULT NULL) ENGINE=InnoDB[0m
  [4;36;1mSQL (0.000500)[0m   [0;1mUPDATE schema_info SET version = 3[0m
  [4;35;1mSQL (0.000411)[0m   [0mSELECT * FROM schema_info[0m
  [4;36;1mSQL (0.003376)[0m   [0;1mSHOW TABLES[0m
  [4;35;1mSQL (0.002646)[0m   [0mSHOW FIELDS FROM admins[0m
  [4;36;1mSQL (0.000751)[0m   [0;1mSHOW KEYS FROM admins[0m
  [4;35;1mSQL (0.004207)[0m   [0mSHOW FIELDS FROM doctors[0m
  [4;36;1mSQL (0.002584)[0m   [0;1mSHOW KEYS FROM doctors[0m
  [4;35;1mSQL (0.002682)[0m   [0mSHOW FIELDS FROM users[0m
  [4;36;1mSQL (0.000754)[0m   [0;1mSHOW KEYS FROM users[0m


Processing AdminsController#index (for 127.0.0.1 at 2007-02-13 14:50:27) [GET]
  Session ID: fd9d86f56fc4fc13d55f95f154a7fc89
  Parameters: {"action"=>"index", "controller"=>"admins"}


ActionController::UnknownAction (No action responded to index):
    .//vendor/rails/actionpack/lib/action_controller/filters.rb:632:in `call_filter'
    .//vendor/rails/actionpack/lib/action_controller/filters.rb:619:in `perform_action_without_benchmark'
    .//vendor/rails/actionpack/lib/action_controller/benchmarking.rb:66:in `perform_action_without_rescue'
    /usr/lib/ruby/1.8/benchmark.rb:293:in `measure'
    .//vendor/rails/actionpack/lib/action_controller/benchmarking.rb:66:in `perform_action_without_rescue'
    .//vendor/rails/actionpack/lib/action_controller/rescue.rb:125:in `perform_action'
    .//vendor/rails/actionpack/lib/action_controller/base.rb:473:in `send'
    .//vendor/rails/actionpack/lib/action_controller/base.rb:473:in `process_without_filters'
    .//vendor/rails/actionpack/lib/action_controller/filters.rb:624:in `process_without_session_management_support'
    .//vendor/rails/actionpack/lib/action_controller/session_management.rb:114:in `process'
    .//vendor/rails/actionpack/lib/action_controller/base.rb:326:in `process'
    .//vendor/rails/railties/lib/dispatcher.rb:39:in `dispatch'
    /usr/lib/ruby/gems/1.8/gems/mongrel-1.0.1/lib/mongrel/rails.rb:78:in `process'
    /usr/lib/ruby/gems/1.8/gems/mongrel-1.0.1/lib/mongrel/rails.rb:76:in `synchronize'
    /usr/lib/ruby/gems/1.8/gems/mongrel-1.0.1/lib/mongrel/rails.rb:76:in `process'
    /usr/lib/ruby/gems/1.8/gems/mongrel-1.0.1/lib/mongrel.rb:618:in `process_client'
    /usr/lib/ruby/gems/1.8/gems/mongrel-1.0.1/lib/mongrel.rb:617:in `each'
    /usr/lib/ruby/gems/1.8/gems/mongrel-1.0.1/lib/mongrel.rb:617:in `process_client'
    /usr/lib/ruby/gems/1.8/gems/mongrel-1.0.1/lib/mongrel.rb:736:in `run'
    /usr/lib/ruby/gems/1.8/gems/mongrel-1.0.1/lib/mongrel.rb:736:in `initialize'
    /usr/lib/ruby/gems/1.8/gems/mongrel-1.0.1/lib/mongrel.rb:736:in `new'
    /usr/lib/ruby/gems/1.8/gems/mongrel-1.0.1/lib/mongrel.rb:736:in `run'
    /usr/lib/ruby/gems/1.8/gems/mongrel-1.0.1/lib/mongrel.rb:720:in `initialize'
    /usr/lib/ruby/gems/1.8/gems/mongrel-1.0.1/lib/mongrel.rb:720:in `new'
    /usr/lib/ruby/gems/1.8/gems/mongrel-1.0.1/lib/mongrel.rb:720:in `run'
    /usr/lib/ruby/gems/1.8/gems/mongrel-1.0.1/lib/mongrel/configurator.rb:271:in `run'
    /usr/lib/ruby/gems/1.8/gems/mongrel-1.0.1/lib/mongrel/configurator.rb:270:in `each'
    /usr/lib/ruby/gems/1.8/gems/mongrel-1.0.1/lib/mongrel/configurator.rb:270:in `run'
    /usr/lib/ruby/gems/1.8/gems/mongrel-1.0.1/bin/mongrel_rails:127:in `run'
    /usr/lib/ruby/gems/1.8/gems/mongrel-1.0.1/lib/mongrel/command.rb:211:in `run'
    /usr/lib/ruby/gems/1.8/gems/mongrel-1.0.1/bin/mongrel_rails:243
    .//vendor/rails/activesupport/lib/active_support/dependencies.rb:488:in `load'
    .//vendor/rails/activesupport/lib/active_support/dependencies.rb:488:in `load'
    .//vendor/rails/activesupport/lib/active_support/dependencies.rb:342:in `new_constants_in'
    .//vendor/rails/activesupport/lib/active_support/dependencies.rb:488:in `load'
    .//vendor/rails/railties/lib/commands/servers/mongrel.rb:60
    /usr/lib/ruby/site_ruby/1.8/rubygems/custom_require.rb:21:in `require__'
    /usr/lib/ruby/site_ruby/1.8/rubygems/custom_require.rb:21:in `require'
    .//vendor/rails/activesupport/lib/active_support/dependencies.rb:495:in `require'
    .//vendor/rails/activesupport/lib/active_support/dependencies.rb:342:in `new_constants_in'
    .//vendor/rails/activesupport/lib/active_support/dependencies.rb:495:in `require'
    .//vendor/rails/railties/lib/commands/server.rb:39
    ./script/server:3:in `require'
    ./script/server:3


Rendering ./script/../config/../vendor/rails/actionpack/lib/action_controller/templates/rescues/layout.rhtml (not_found)


Processing AdminsController#show (for 127.0.0.1 at 2007-02-13 14:50:46) [GET]
  Session ID: fd9d86f56fc4fc13d55f95f154a7fc89
  Parameters: {"action"=>"show", "id"=>"create", "controller"=>"admins"}


ActionController::UnknownAction (No action responded to show):
    .//vendor/rails/actionpack/lib/action_controller/filters.rb:632:in `call_filter'
    .//vendor/rails/actionpack/lib/action_controller/filters.rb:619:in `perform_action_without_benchmark'
    .//vendor/rails/actionpack/lib/action_controller/benchmarking.rb:66:in `perform_action_without_rescue'
    /usr/lib/ruby/1.8/benchmark.rb:293:in `measure'
    .//vendor/rails/actionpack/lib/action_controller/benchmarking.rb:66:in `perform_action_without_rescue'
    .//vendor/rails/actionpack/lib/action_controller/rescue.rb:125:in `perform_action'
    .//vendor/rails/actionpack/lib/action_controller/base.rb:473:in `send'
    .//vendor/rails/actionpack/lib/action_controller/base.rb:473:in `process_without_filters'
    .//vendor/rails/actionpack/lib/action_controller/filters.rb:624:in `process_without_session_management_support'
    .//vendor/rails/actionpack/lib/action_controller/session_management.rb:114:in `process'
    .//vendor/rails/actionpack/lib/action_controller/base.rb:326:in `process'
    .//vendor/rails/railties/lib/dispatcher.rb:39:in `dispatch'
    /usr/lib/ruby/gems/1.8/gems/mongrel-1.0.1/lib/mongrel/rails.rb:78:in `process'
    /usr/lib/ruby/gems/1.8/gems/mongrel-1.0.1/lib/mongrel/rails.rb:76:in `synchronize'
    /usr/lib/ruby/gems/1.8/gems/mongrel-1.0.1/lib/mongrel/rails.rb:76:in `process'
    /usr/lib/ruby/gems/1.8/gems/mongrel-1.0.1/lib/mongrel.rb:618:in `process_client'
    /usr/lib/ruby/gems/1.8/gems/mongrel-1.0.1/lib/mongrel.rb:617:in `each'
    /usr/lib/ruby/gems/1.8/gems/mongrel-1.0.1/lib/mongrel.rb:617:in `process_client'
    /usr/lib/ruby/gems/1.8/gems/mongrel-1.0.1/lib/mongrel.rb:736:in `run'
    /usr/lib/ruby/gems/1.8/gems/mongrel-1.0.1/lib/mongrel.rb:736:in `initialize'
    /usr/lib/ruby/gems/1.8/gems/mongrel-1.0.1/lib/mongrel.rb:736:in `new'
    /usr/lib/ruby/gems/1.8/gems/mongrel-1.0.1/lib/mongrel.rb:736:in `run'
    /usr/lib/ruby/gems/1.8/gems/mongrel-1.0.1/lib/mongrel.rb:720:in `initialize'
    /usr/lib/ruby/gems/1.8/gems/mongrel-1.0.1/lib/mongrel.rb:720:in `new'
    /usr/lib/ruby/gems/1.8/gems/mongrel-1.0.1/lib/mongrel.rb:720:in `run'
    /usr/lib/ruby/gems/1.8/gems/mongrel-1.0.1/lib/mongrel/configurator.rb:271:in `run'
    /usr/lib/ruby/gems/1.8/gems/mongrel-1.0.1/lib/mongrel/configurator.rb:270:in `each'
    /usr/lib/ruby/gems/1.8/gems/mongrel-1.0.1/lib/mongrel/configurator.rb:270:in `run'
    /usr/lib/ruby/gems/1.8/gems/mongrel-1.0.1/bin/mongrel_rails:127:in `run'
    /usr/lib/ruby/gems/1.8/gems/mongrel-1.0.1/lib/mongrel/command.rb:211:in `run'
    /usr/lib/ruby/gems/1.8/gems/mongrel-1.0.1/bin/mongrel_rails:243
    .//vendor/rails/activesupport/lib/active_support/dependencies.rb:488:in `load'
    .//vendor/rails/activesupport/lib/active_support/dependencies.rb:488:in `load'
    .//vendor/rails/activesupport/lib/active_support/dependencies.rb:342:in `new_constants_in'
    .//vendor/rails/activesupport/lib/active_support/dependencies.rb:488:in `load'
    .//vendor/rails/railties/lib/commands/servers/mongrel.rb:60
    /usr/lib/ruby/site_ruby/1.8/rubygems/custom_require.rb:21:in `require__'
    /usr/lib/ruby/site_ruby/1.8/rubygems/custom_require.rb:21:in `require'
    .//vendor/rails/activesupport/lib/active_support/dependencies.rb:495:in `require'
    .//vendor/rails/activesupport/lib/active_support/dependencies.rb:342:in `new_constants_in'
    .//vendor/rails/activesupport/lib/active_support/dependencies.rb:495:in `require'
    .//vendor/rails/railties/lib/commands/server.rb:39
    ./script/server:3:in `require'
    ./script/server:3


Rendering ./script/../config/../vendor/rails/actionpack/lib/action_controller/templates/rescues/layout.rhtml (not_found)


Processing AdminsController#new (for 127.0.0.1 at 2007-02-13 14:50:51) [GET]
  Session ID: fd9d86f56fc4fc13d55f95f154a7fc89
  Parameters: {"action"=>"new", "controller"=>"admins"}
Rendering admins/new
Completed in 0.20728 (4 reqs/sec) | Rendering: 0.20505 (98%) | DB: 0.00000 (0%) | 200 OK [http://fedora.yanno.org/admins/new]


Processing AdminsController#new (for 127.0.0.1 at 2007-02-13 14:51:09) [GET]
  Session ID: fd9d86f56fc4fc13d55f95f154a7fc89
  Parameters: {"action"=>"new", "controller"=>"admins"}
Rendering admins/new
Completed in 0.02113 (47 reqs/sec) | Rendering: 0.00574 (27%) | DB: 0.00000 (0%) | 200 OK [http://fedora.yanno.org/admins/new]
